/** @gqlType User */
class UserModel {
  /** @gqlField */
  someField: string;
}

=== SNIP ===
type User {
  someField: String
}
=== SNIP ===
import { GraphQLSchema, GraphQLObjectType, GraphQLString } from "graphql";
export function getSchema(): GraphQLSchema {
    const UserType: GraphQLObjectType = new GraphQLObjectType({
        name: "User",
        fields() {
            return {
                someField: {
                    name: "someField",
                    type: GraphQLString
                }
            };
        }
    });
    return new GraphQLSchema({
        types: [UserType]
    });
}
