/** @gqlType */
class MyClass {
  /** @gqlField */
  someField: string;
}

=== SNIP ===
type MyClass {
  someField: String
}
=== SNIP ===
import { GraphQLSchema, GraphQLObjectType, GraphQLString } from "graphql";
function getSchema(): GraphQLSchema {
    const MyClassType: GraphQLObjectType = new GraphQLObjectType({
        name: "MyClass",
        fields() {
            return {
                someField: {
                    name: "someField",
                    type: GraphQLString
                }
            };
        }
    });
    return new GraphQLSchema({
        types: [MyClassType]
    });
}
export { getSchema };
