/** @gqlType */
export type MyType = {
  /** @gqlField */
  someField: string;
};

=== SNIP ===
type MyType {
  someField: String
}
=== SNIP ===
import { GraphQLSchema, GraphQLObjectType, GraphQLString } from "graphql";
export function getSchema(): GraphQLSchema {
    const MyTypeType: GraphQLObjectType = new GraphQLObjectType({
        name: "MyType",
        fields() {
            return {
                someField: {
                    name: "someField",
                    type: GraphQLString
                }
            };
        }
    });
    return new GraphQLSchema({
        types: [MyTypeType]
    });
}
