// trim-start
const DB: any = {};

/** @gqlType */
type User = {
  /** @gqlField */
  name: string;
};

// trim-end
/** @gqlQueryField */
export function userById(id: string): User {
  return DB.getUserById(id);
}

=== SNIP ===
type Query {
  userById(id: String!): User
}

type User {
  name: String
}
=== SNIP ===
import { userById as queryUserByIdResolver } from "./02-function-extending-query.grats";
import { GraphQLSchema, GraphQLObjectType, GraphQLString, GraphQLNonNull } from "graphql";
export function getSchema(): GraphQLSchema {
    const UserType: GraphQLObjectType = new GraphQLObjectType({
        name: "User",
        fields() {
            return {
                name: {
                    name: "name",
                    type: GraphQLString
                }
            };
        }
    });
    const QueryType: GraphQLObjectType = new GraphQLObjectType({
        name: "Query",
        fields() {
            return {
                userById: {
                    name: "userById",
                    type: UserType,
                    args: {
                        id: {
                            type: new GraphQLNonNull(GraphQLString)
                        }
                    },
                    resolve(_source, args) {
                        return queryUserByIdResolver(args.id);
                    }
                }
            };
        }
    });
    return new GraphQLSchema({
        query: QueryType,
        types: [QueryType, UserType]
    });
}
