/** @gqlType */
class User {
  constructor(
    /** @gqlField */
    public name: string,
  ) {}
}

=== SNIP ===
type User {
  name: String
}
=== SNIP ===
import { GraphQLSchema, GraphQLObjectType, GraphQLString } from "graphql";
function getSchema(): GraphQLSchema {
    const UserType: GraphQLObjectType = new GraphQLObjectType({
        name: "User",
        fields() {
            return {
                name: {
                    name: "name",
                    type: GraphQLString
                }
            };
        }
    });
    return new GraphQLSchema({
        types: [UserType]
    });
}
export { getSchema };
