/** @gqlType */
class User {
  /**
   * A description of some field.
   * @gqlField
   */
  someField: string;

  /** @gqlField */
  myField(): string {
    return "Hello World";
  }
}

=== SNIP ===
type User {
  myField: String

  """A description of some field."""
  someField: String
}
=== SNIP ===
import { GraphQLSchema, GraphQLObjectType, GraphQLString } from "graphql";
export function getSchema(): GraphQLSchema {
    const UserType: GraphQLObjectType = new GraphQLObjectType({
        name: "User",
        fields() {
            return {
                myField: {
                    name: "myField",
                    type: GraphQLString
                },
                someField: {
                    description: "A description of some field.",
                    name: "someField",
                    type: GraphQLString
                }
            };
        }
    });
    return new GraphQLSchema({
        types: [UserType]
    });
}
