/** @gqlType */
type Query = unknown;

/** @gqlType */
export class User {
  constructor(
    /** @gqlField */
    public name: string,
  ) {}

  // highlight-start
  /** @gqlField */
  static getUser(_: Query): User {
    return new User("Elizabeth");
  }
  // highlight-end
}

=== SNIP ===
type Query {
  getUser: User
}

type User {
  name: String
}
=== SNIP ===
import { User as queryGetUserResolver } from "./02-static-method-extending-query.grats";
import { GraphQLSchema, GraphQLObjectType, GraphQLString } from "graphql";
export function getSchema(): GraphQLSchema {
    const UserType: GraphQLObjectType = new GraphQLObjectType({
        name: "User",
        fields() {
            return {
                name: {
                    name: "name",
                    type: GraphQLString
                }
            };
        }
    });
    const QueryType: GraphQLObjectType = new GraphQLObjectType({
        name: "Query",
        fields() {
            return {
                getUser: {
                    name: "getUser",
                    type: UserType,
                    resolve(source) {
                        return queryGetUserResolver.getUser(source);
                    }
                }
            };
        }
    });
    return new GraphQLSchema({
        query: QueryType,
        types: [QueryType, UserType]
    });
}
