/** @gqlInterface */
interface Person {
  /** @gqlField */
  name: string;
}

/** @gqlInterface */
// highlight-start
interface User extends Person {
  // highlight-end
  /** @gqlField */
  name: string;

  /** @gqlField */
  username: string;
}

=== SNIP ===
interface Person {
  name: String
}

interface User implements Person {
  name: String
  username: String
}
=== SNIP ===
import { GraphQLSchema, GraphQLInterfaceType, GraphQLString } from "graphql";
function getSchema(): GraphQLSchema {
    const PersonType: GraphQLInterfaceType = new GraphQLInterfaceType({
        name: "Person",
        fields() {
            return {
                name: {
                    name: "name",
                    type: GraphQLString
                }
            };
        }
    });
    const UserType: GraphQLInterfaceType = new GraphQLInterfaceType({
        name: "User",
        fields() {
            return {
                name: {
                    name: "name",
                    type: GraphQLString
                },
                username: {
                    name: "username",
                    type: GraphQLString
                }
            };
        },
        interfaces() {
            return [PersonType];
        }
    });
    return new GraphQLSchema({
        types: [PersonType, UserType]
    });
}
export { getSchema };
