/**
 * A description of my interface.
 * @gqlInterface MyInterfaceName
 */
interface MyClass {
  /** @gqlField */
  someField: string;
}

=== SNIP ===
"""A description of my interface."""
interface MyInterfaceName {
  someField: String
}
=== SNIP ===
import { GraphQLSchema, GraphQLInterfaceType, GraphQLString } from "graphql";
function getSchema(): GraphQLSchema {
    const MyInterfaceNameType: GraphQLInterfaceType = new GraphQLInterfaceType({
        description: "A description of my interface.",
        name: "MyInterfaceName",
        fields() {
            return {
                someField: {
                    name: "someField",
                    type: GraphQLString
                }
            };
        }
    });
    return new GraphQLSchema({
        types: [MyInterfaceNameType]
    });
}
export { getSchema };
