/** @gqlInterface */
class MyInterfaceClass {
  /** @gqlField */
  someField(): string {
    return "someField";
  }
}

=== SNIP ===
interface MyInterfaceClass {
  someField: String
}
=== SNIP ===
import { GraphQLSchema, GraphQLInterfaceType, GraphQLString } from "graphql";
export function getSchema(): GraphQLSchema {
    const MyInterfaceClassType: GraphQLInterfaceType = new GraphQLInterfaceType({
        name: "MyInterfaceClass",
        fields() {
            return {
                someField: {
                    name: "someField",
                    type: GraphQLString
                }
            };
        }
    });
    return new GraphQLSchema({
        types: [MyInterfaceClassType]
    });
}
