import { ID } from "grats";

/** @gqlType Node */
interface GqlNode {
  /** @gqlField */
  id: ID;
}

=== SNIP ===
type Node {
  id: ID
}
=== SNIP ===
import { GraphQLSchema, GraphQLObjectType, GraphQLID } from "graphql";
export function getSchema(): GraphQLSchema {
    const NodeType: GraphQLObjectType = new GraphQLObjectType({
        name: "Node",
        fields() {
            return {
                id: {
                    name: "id",
                    type: GraphQLID
                }
            };
        }
    });
    return new GraphQLSchema({
        types: [NodeType]
    });
}
