// trim-start
import { Int } from "grats";
// trim-end
/**
 * @gqlDirective on FIELD_DEFINITION
 */
function cost(args: { credits: Int }) {
  // ...
}

=== SNIP ===
directive @cost(credits: Int!) on FIELD_DEFINITION
=== SNIP ===
import { GraphQLSchema, GraphQLDirective, DirectiveLocation, GraphQLNonNull, GraphQLInt } from "graphql";
export function getSchema(): GraphQLSchema {
    return new GraphQLSchema({
        directives: [new GraphQLDirective({
                name: "cost",
                locations: [DirectiveLocation.FIELD_DEFINITION],
                args: {
                    credits: {
                        type: new GraphQLNonNull(GraphQLInt)
                    }
                }
            })],
        types: []
    });
}
