// trim-start
/** @gqlDirective on FIELD_DEFINITION */
function myDirective(args: { someArg: string }) {
  // ...
}
// trim-end
/**
 * @gqlQueryField
 * @gqlAnnotate myDirective(someArg: "Some String")
 */
export function greet(): string {
  return "Hello";
}

=== SNIP ===
directive @myDirective(someArg: String!) on FIELD_DEFINITION

type Query {
  greet: String @myDirective(someArg: "Some String")
}
=== SNIP ===
import { greet as queryGreetResolver } from "./12-directive-annotations-2.grats";
import { GraphQLSchema, GraphQLDirective, DirectiveLocation, GraphQLNonNull, GraphQLString, GraphQLObjectType } from "graphql";
export function getSchema(): GraphQLSchema {
    const QueryType: GraphQLObjectType = new GraphQLObjectType({
        name: "Query",
        fields() {
            return {
                greet: {
                    name: "greet",
                    type: GraphQLString,
                    extensions: {
                        grats: {
                            directives: [{
                                    name: "myDirective",
                                    args: {
                                        someArg: "Some String"
                                    }
                                }]
                        }
                    },
                    resolve() {
                        return queryGreetResolver();
                    }
                }
            };
        }
    });
    return new GraphQLSchema({
        directives: [new GraphQLDirective({
                name: "myDirective",
                locations: [DirectiveLocation.FIELD_DEFINITION],
                args: {
                    someArg: {
                        type: new GraphQLNonNull(GraphQLString)
                    }
                }
            })],
        query: QueryType,
        types: [QueryType]
    });
}
