/** @gqlInterface */
interface Greetable {
  /** @gqlField */
  name: string;
}

// highlight-start
/** @gqlField */
export function greeting(thing: Greetable): string {
  return `Hello ${thing.name}!`;
}
// highlight-end

// trim-start
/** @gqlType */
class User implements Greetable {
  __typename: "User";
  /** @gqlField */
  name: string;
}

/** @gqlType */
class Pet implements Greetable {
  __typename: "Pet";
  /** @gqlField */
  name: string;
}
// trim-end

=== SNIP ===
interface Greetable {
  name: String
  greeting: String
}

type User implements Greetable {
  name: String
  greeting: String
}

type Pet implements Greetable {
  name: String
  greeting: String
}