// trim-start
/** @gqlContext */
type Ctx = {
  vc: string;
};

/** @gqlType */
class Post {
  /** @gqlField */
  id: string;
  constructor(row: { id: string }) {
    this.id = row.id;
  }
}

const DB = {
  async selectPosts(_vc: string): Promise<{ id: string }[]> {
    return [];
  },
};

// trim-end
/** @gqlType */
class Viewer {
  /**
   * An "algorithmically generated" feed of posts.
   *
   * **Note:** Due to the extreme complexity of this algorithm, it can be slow.
   * It is recommended to use `@stream` to avoid blocking the client.
   * @gqlField
   */
  async *feed(ctx: Ctx): AsyncIterable<Post> {
    const rows = await DB.selectPosts(ctx.vc);
    for (const row of rows) {
      // Simulate a slow algorithm
      await new Promise((resolve) => setTimeout(resolve, 500));
      yield new Post(row);
    }
  }
}

=== SNIP ===
type Post {
  id: String
}

type Viewer {
  """
  An "algorithmically generated" feed of posts.
  
  **Note:** Due to the extreme complexity of this algorithm, it can be slow.
  It is recommended to use `@stream` to avoid blocking the client.
  """
  feed: [Post!]
}
=== SNIP ===
import { GraphQLSchema, GraphQLObjectType, GraphQLString, GraphQLList, GraphQLNonNull } from "graphql";
export function getSchema(): GraphQLSchema {
    const PostType: GraphQLObjectType = new GraphQLObjectType({
        name: "Post",
        fields() {
            return {
                id: {
                    name: "id",
                    type: GraphQLString
                }
            };
        }
    });
    const ViewerType: GraphQLObjectType = new GraphQLObjectType({
        name: "Viewer",
        fields() {
            return {
                feed: {
                    description: "An \"algorithmically generated\" feed of posts.\n\n**Note:** Due to the extreme complexity of this algorithm, it can be slow.\nIt is recommended to use `@stream` to avoid blocking the client.",
                    name: "feed",
                    type: new GraphQLList(new GraphQLNonNull(PostType)),
                    resolve(source, _args, context) {
                        return source.feed(context);
                    }
                }
            };
        }
    });
    return new GraphQLSchema({
        types: [PostType, ViewerType]
    });
}
