/** @gqlUnion */
export type MyValueResult = MyValue | MyError;

/** @gqlQueryField */
export function myValue(): MyValueResult {
  try {
    return getMyValue();
  } catch (e) {
    return { message: e.message, __typename: "MyError" };
  }
}
// trim-start

/** @gqlType */
export type MyValue = {
  __typename: "MyValue";
  /** @gqlField */
  value: string;
};

/** @gqlType */
export type MyError = {
  __typename: "MyError";
  /** @gqlField */
  message: string;
};

function getMyValue(): MyValue {
  return { value: "Hello, World!", __typename: "MyValue" };
}
// trim-end

=== SNIP ===
union MyValueResult = MyError | MyValue

type MyError {
  message: String
}

type MyValue {
  value: String
}

type Query {
  myValue: MyValueResult
}
=== SNIP ===
import { myValue as queryMyValueResolver } from "./result-before.grats";
import { GraphQLSchema, GraphQLObjectType, GraphQLUnionType, GraphQLString } from "graphql";
export function getSchema(): GraphQLSchema {
    const MyErrorType: GraphQLObjectType = new GraphQLObjectType({
        name: "MyError",
        fields() {
            return {
                message: {
                    name: "message",
                    type: GraphQLString
                }
            };
        }
    });
    const MyValueType: GraphQLObjectType = new GraphQLObjectType({
        name: "MyValue",
        fields() {
            return {
                value: {
                    name: "value",
                    type: GraphQLString
                }
            };
        }
    });
    const MyValueResultType: GraphQLUnionType = new GraphQLUnionType({
        name: "MyValueResult",
        types() {
            return [MyErrorType, MyValueType];
        }
    });
    const QueryType: GraphQLObjectType = new GraphQLObjectType({
        name: "Query",
        fields() {
            return {
                myValue: {
                    name: "myValue",
                    type: MyValueResultType,
                    resolve() {
                        return queryMyValueResolver();
                    }
                }
            };
        }
    });
    return new GraphQLSchema({
        query: QueryType,
        types: [MyValueResultType, MyErrorType, MyValueType, QueryType]
    });
}
