/**
 * A user in our kick-ass system!
 * @gqlType */
class User {
  /** @gqlField */
  name: string;

  /** @gqlField */
  greet(args: { greeting: string }): string {
    return `${args.greeting}, ${this.name}`;
  }
}

=== SNIP ===
"""A user in our kick-ass system!"""
type User {
  name: String
  greet(greeting: String!): String
}
=== SNIP ===
import { GraphQLSchema, GraphQLObjectType, GraphQLString, GraphQLNonNull } from "graphql";
function getSchema(): GraphQLSchema {
    const UserType: GraphQLObjectType = new GraphQLObjectType({
        name: "User",
        description: "A user in our kick-ass system!",
        fields() {
            return {
                name: {
                    name: "name",
                    type: GraphQLString
                },
                greet: {
                    name: "greet",
                    type: GraphQLString,
                    args: {
                        greeting: {
                            name: "greeting",
                            type: new GraphQLNonNull(GraphQLString)
                        }
                    }
                }
            };
        }
    });
    return new GraphQLSchema({
        types: [UserType]
    });
}
export { getSchema };
