/** @gqlEnum */
type GreetingStyle =
  // highlight-start
  /** For a business greeting */
  // highlight-end
  | "formal"
  // highlight-start
  /** For a friendly greeting */
  // highlight-end
  | "casual";

=== SNIP ===
enum GreetingStyle {
  casual
  formal
}
=== SNIP ===
import { GraphQLSchema, GraphQLEnumType } from "graphql";
export function getSchema(): GraphQLSchema {
    const GreetingStyleType: GraphQLEnumType = new GraphQLEnumType({
        name: "GreetingStyle",
        values: {
            casual: {
                value: "casual"
            },
            formal: {
                value: "formal"
            }
        }
    });
    return new GraphQLSchema({
        types: [GreetingStyleType]
    });
}
