/** 
// highlight-start
 * A registered user of the system.
// highlight-end
 * @gqlType
 */
class User {
  /** 
  // highlight-start
   * A friendly greeting for the user, intended for 
   * their first visit.
  // highlight-end
   * @gqlField
   */
  hello(args: {
    // highlight-start
    /** The salutation to use */
    // highlight-end
    greeting: string;
  }): string {
    return `${args.greeting} World`;
  }
}

=== SNIP ===
"""
// highlight-start
 A registered user of the system.
// highlight-end
"""
type User {
  """
  // highlight-start
    A friendly greeting for the user, intended for 
    their first visit.
  // highlight-end
  """
  hello(
    """The salutation to use"""
    greeting: String!
  ): String
}
=== SNIP ===
import { GraphQLSchema, GraphQLObjectType, GraphQLString, GraphQLNonNull } from "graphql";
const UserType: GraphQLObjectType = new GraphQLObjectType({
    name: "User",
    description: "// highlight-start\n A registered user of the system.\n// highlight-end",
    fields() {
        return {
            hello: {
                description: "// highlight-start\n  A friendly greeting for the user, intended for \n  their first visit.\n// highlight-end",
                name: "hello",
                type: GraphQLString,
                args: {
                    greeting: {
                        description: "The salutation to use",
                        name: "greeting",
                        type: new GraphQLNonNull(GraphQLString)
                    }
                }
            }
        };
    }
});
const schema = new GraphQLSchema({
    types: [UserType]
});
export { schema };
