// highlight-start
/** @gqlType User */
// highlight-end
export class UserModel {
  /** @gqlField */
  name: string;
}

=== SNIP ===
type User {
  name: String
}
=== SNIP ===
import { GraphQLSchema, GraphQLObjectType, GraphQLString } from "graphql";
const UserType: GraphQLObjectType = new GraphQLObjectType({
    name: "User",
    fields() {
        return {
            name: {
                name: "name",
                type: GraphQLString
            }
        };
    }
});
const schema = new GraphQLSchema({
    types: [UserType]
});
export { schema };
