/** @gqlQueryField */
export function me(): User {
  return { name: "Alice" };
}

/**
 * A user in our kick-ass system!
 * @gqlType */
type User = {
  /** @gqlField */
  name: string;
};

/** @gqlField */
export function greeting(user: User, salutation: string): string {
  return `${salutation}, ${user.name}`;
}

=== SNIP ===
type Query {
  me: User
}

"""A user in our kick-ass system!"""
type User {
  greeting(salutation: String!): String
  name: String
}
=== SNIP ===
import { GraphQLSchema, GraphQLObjectType, GraphQLString, GraphQLNonNull } from "graphql";
import { greeting as userGreetingResolver, me as queryMeResolver } from "./hero-functional.grats";
export function getSchema(): GraphQLSchema {
    const UserType: GraphQLObjectType = new GraphQLObjectType({
        name: "User",
        description: "A user in our kick-ass system!",
        fields() {
            return {
                greeting: {
                    name: "greeting",
                    type: GraphQLString,
                    args: {
                        salutation: {
                            type: new GraphQLNonNull(GraphQLString)
                        }
                    },
                    resolve(source, args) {
                        return userGreetingResolver(source, args.salutation);
                    }
                },
                name: {
                    name: "name",
                    type: GraphQLString
                }
            };
        }
    });
    const QueryType: GraphQLObjectType = new GraphQLObjectType({
        name: "Query",
        fields() {
            return {
                me: {
                    name: "me",
                    type: UserType,
                    resolve() {
                        return queryMeResolver();
                    }
                }
            };
        }
    });
    return new GraphQLSchema({
        query: QueryType,
        types: [QueryType, UserType]
    });
}
